<?xml version="1.0" encoding="UTF-8"?>
<coverage generated="1752786081974" clover="3.2.0">
  <project timestamp="1752786081974" name="All files">
    <metrics statements="25" coveredstatements="22" conditionals="15" coveredconditionals="12" methods="6" coveredmethods="4" elements="46" coveredelements="38" complexity="0" loc="25" ncloc="25" packages="2" files="2" classes="2"/>
    <package name="calculator">
      <metrics statements="21" coveredstatements="20" conditionals="14" coveredconditionals="12" methods="4" coveredmethods="4"/>
      <file name="loan-calculator.ts" path="/home/gabriel_fratelli/challenge-frontend/credit-simulator/src/utils/calculator/loan-calculator.ts">
        <metrics statements="21" coveredstatements="20" conditionals="14" coveredconditionals="12" methods="4" coveredmethods="4"/>
        <line num="2" count="1" type="stmt"/>
        <line num="6" count="5" type="stmt"/>
        <line num="7" count="5" type="stmt"/>
        <line num="8" count="5" type="stmt"/>
        <line num="9" count="5" type="cond" truecount="4" falsecount="1"/>
        <line num="10" count="0" type="stmt"/>
        <line num="12" count="5" type="stmt"/>
        <line num="16" count="5" type="cond" truecount="2" falsecount="0"/>
        <line num="17" count="3" type="cond" truecount="2" falsecount="0"/>
        <line num="18" count="2" type="cond" truecount="2" falsecount="0"/>
        <line num="19" count="1" type="stmt"/>
        <line num="23" count="5" type="cond" truecount="1" falsecount="1"/>
        <line num="24" count="5" type="stmt"/>
        <line num="27" count="1" type="stmt"/>
        <line num="28" count="5" type="stmt"/>
        <line num="29" count="5" type="stmt"/>
        <line num="30" count="5" type="stmt"/>
        <line num="32" count="5" type="stmt"/>
        <line num="33" count="5" type="stmt"/>
        <line num="34" count="5" type="stmt"/>
        <line num="36" count="5" type="stmt"/>
      </file>
    </package>
    <package name="formats">
      <metrics statements="4" coveredstatements="2" conditionals="1" coveredconditionals="0" methods="2" coveredmethods="0"/>
      <file name="format.ts" path="/home/gabriel_fratelli/challenge-frontend/credit-simulator/src/utils/formats/format.ts">
        <metrics statements="4" coveredstatements="2" conditionals="1" coveredconditionals="0" methods="2" coveredmethods="0"/>
        <line num="1" count="1" type="stmt"/>
        <line num="2" count="0" type="stmt"/>
        <line num="4" count="1" type="cond" truecount="0" falsecount="1"/>
        <line num="5" count="0" type="stmt"/>
      </file>
    </package>
  </project>
</coverage>
