{"/home/gabriel_fratelli/challenge-frontend/credit-simulator/src/utils/calculator/loan-calculator.ts": {"path":"/home/gabriel_fratelli/challenge-frontend/credit-simulator/src/utils/calculator/loan-calculator.ts","statementMap":{"0":{"start":{"line":39,"column":0},"end":{"line":39,"column":16}},"1":{"start":{"line":2,"column":0},"end":{"line":2,"column":49}},"2":{"start":{"line":8,"column":19},"end":{"line":8,"column":64}},"3":{"start":{"line":9,"column":20},"end":{"line":9,"column":59}},"4":{"start":{"line":10,"column":18},"end":{"line":10,"column":55}},"5":{"start":{"line":12,"column":2},"end":{"line":12,"column":85}},"6":{"start":{"line":19,"column":2},"end":{"line":19,"column":29}},"7":{"start":{"line":19,"column":17},"end":{"line":19,"column":29}},"8":{"start":{"line":20,"column":2},"end":{"line":20,"column":29}},"9":{"start":{"line":20,"column":17},"end":{"line":20,"column":29}},"10":{"start":{"line":21,"column":2},"end":{"line":21,"column":29}},"11":{"start":{"line":21,"column":17},"end":{"line":21,"column":29}},"12":{"start":{"line":22,"column":2},"end":{"line":22,"column":14}},"13":{"start":{"line":30,"column":2},"end":{"line":32,"column":75}},"14":{"start":{"line":44,"column":14},"end":{"line":44,"column":47}},"15":{"start":{"line":45,"column":21},"end":{"line":45,"column":44}},"16":{"start":{"line":46,"column":22},"end":{"line":46,"column":37}},"17":{"start":{"line":48,"column":25},"end":{"line":48,"column":77}},"18":{"start":{"line":49,"column":23},"end":{"line":49,"column":46}},"19":{"start":{"line":50,"column":19},"end":{"line":50,"column":40}},"20":{"start":{"line":52,"column":2},"end":{"line":57,"column":4}}},"fnMap":{"0":{"name":"calculateAge","decl":{"start":{"line":7,"column":9},"end":{"line":7,"column":21}},"loc":{"start":{"line":7,"column":63},"end":{"line":13,"column":1}}},"1":{"name":"getAnnualRateByAge","decl":{"start":{"line":18,"column":9},"end":{"line":18,"column":27}},"loc":{"start":{"line":18,"column":39},"end":{"line":23,"column":1}}},"2":{"name":"calculateMonthlyPayment","decl":{"start":{"line":29,"column":9},"end":{"line":29,"column":32}},"loc":{"start":{"line":29,"column":87},"end":{"line":33,"column":1}}},"3":{"name":"loanCalculator","decl":{"start":{"line":39,"column":16},"end":{"line":39,"column":30}},"loc":{"start":{"line":43,"column":17},"end":{"line":58,"column":1}}}},"branchMap":{"0":{"loc":{"start":{"line":7,"column":39},"end":{"line":7,"column":63}},"type":"default-arg","locations":[{"start":{"line":7,"column":53},"end":{"line":7,"column":63}}]},"1":{"loc":{"start":{"line":12,"column":9},"end":{"line":12,"column":84}},"type":"cond-expr","locations":[{"start":{"line":12,"column":61},"end":{"line":12,"column":73}},{"start":{"line":12,"column":76},"end":{"line":12,"column":84}}]},"2":{"loc":{"start":{"line":12,"column":9},"end":{"line":12,"column":58}},"type":"binary-expr","locations":[{"start":{"line":12,"column":9},"end":{"line":12,"column":22}},{"start":{"line":12,"column":27},"end":{"line":12,"column":42}},{"start":{"line":12,"column":46},"end":{"line":12,"column":57}}]},"3":{"loc":{"start":{"line":19,"column":2},"end":{"line":19,"column":29}},"type":"if","locations":[{"start":{"line":19,"column":2},"end":{"line":19,"column":29}},{"start":{},"end":{}}]},"4":{"loc":{"start":{"line":20,"column":2},"end":{"line":20,"column":29}},"type":"if","locations":[{"start":{"line":20,"column":2},"end":{"line":20,"column":29}},{"start":{},"end":{}}]},"5":{"loc":{"start":{"line":21,"column":2},"end":{"line":21,"column":29}},"type":"if","locations":[{"start":{"line":21,"column":2},"end":{"line":21,"column":29}},{"start":{},"end":{}}]},"6":{"loc":{"start":{"line":30,"column":9},"end":{"line":32,"column":74}},"type":"cond-expr","locations":[{"start":{"line":31,"column":6},"end":{"line":31,"column":24}},{"start":{"line":32,"column":6},"end":{"line":32,"column":74}}]}},"s":{"0":1,"1":1,"2":5,"3":5,"4":5,"5":5,"6":5,"7":2,"8":3,"9":1,"10":2,"11":1,"12":1,"13":5,"14":5,"15":5,"16":5,"17":5,"18":5,"19":5,"20":5},"f":{"0":5,"1":5,"2":5,"3":5},"b":{"0":[5],"1":[0,5],"2":[5,5,5],"3":[2,3],"4":[1,2],"5":[1,1],"6":[0,5]}}
,"/home/gabriel_fratelli/challenge-frontend/credit-simulator/src/utils/formats/format.ts": {"path":"/home/gabriel_fratelli/challenge-frontend/credit-simulator/src/utils/formats/format.ts","statementMap":{"0":{"start":{"line":1,"column":33},"end":{"line":2,"column":86}},"1":{"start":{"line":2,"column":2},"end":{"line":2,"column":86}},"2":{"start":{"line":1,"column":13},"end":{"line":1,"column":33}},"3":{"start":{"line":4,"column":28},"end":{"line":5,"column":33}},"4":{"start":{"line":5,"column":2},"end":{"line":5,"column":33}},"5":{"start":{"line":4,"column":13},"end":{"line":4,"column":28}}},"fnMap":{"0":{"name":"(anonymous_0)","decl":{"start":{"line":1,"column":33},"end":{"line":1,"column":34}},"loc":{"start":{"line":2,"column":2},"end":{"line":2,"column":86}}},"1":{"name":"(anonymous_1)","decl":{"start":{"line":4,"column":28},"end":{"line":4,"column":29}},"loc":{"start":{"line":5,"column":2},"end":{"line":5,"column":33}}}},"branchMap":{"0":{"loc":{"start":{"line":4,"column":44},"end":{"line":4,"column":56}},"type":"default-arg","locations":[{"start":{"line":4,"column":55},"end":{"line":4,"column":56}}]}},"s":{"0":2,"1":4,"2":2,"3":2,"4":5,"5":2},"f":{"0":4,"1":5},"b":{"0":[2]}}
}
