{"/home/gabriel_fratelli/challenge-frontend/credit-simulator/src/utils/calculator/loan-calculator.ts": {"path":"/home/gabriel_fratelli/challenge-frontend/credit-simulator/src/utils/calculator/loan-calculator.ts","statementMap":{"0":{"start":{"line":27,"column":0},"end":{"line":27,"column":16}},"1":{"start":{"line":2,"column":0},"end":{"line":2,"column":48}},"2":{"start":{"line":6,"column":12},"end":{"line":6,"column":57}},"3":{"start":{"line":7,"column":20},"end":{"line":7,"column":59}},"4":{"start":{"line":8,"column":18},"end":{"line":8,"column":55}},"5":{"start":{"line":9,"column":2},"end":{"line":11,"column":3}},"6":{"start":{"line":10,"column":4},"end":{"line":10,"column":null}},"7":{"start":{"line":12,"column":2},"end":{"line":12,"column":null}},"8":{"start":{"line":16,"column":2},"end":{"line":16,"column":null}},"9":{"start":{"line":16,"column":17},"end":{"line":16,"column":null}},"10":{"start":{"line":17,"column":2},"end":{"line":17,"column":null}},"11":{"start":{"line":17,"column":17},"end":{"line":17,"column":null}},"12":{"start":{"line":18,"column":2},"end":{"line":18,"column":null}},"13":{"start":{"line":18,"column":17},"end":{"line":18,"column":null}},"14":{"start":{"line":19,"column":2},"end":{"line":19,"column":null}},"15":{"start":{"line":23,"column":2},"end":{"line":23,"column":null}},"16":{"start":{"line":23,"column":25},"end":{"line":23,"column":null}},"17":{"start":{"line":24,"column":2},"end":{"line":24,"column":null}},"18":{"start":{"line":28,"column":14},"end":{"line":28,"column":47}},"19":{"start":{"line":29,"column":21},"end":{"line":29,"column":44}},"20":{"start":{"line":30,"column":22},"end":{"line":30,"column":37}},"21":{"start":{"line":32,"column":25},"end":{"line":32,"column":77}},"22":{"start":{"line":33,"column":23},"end":{"line":33,"column":46}},"23":{"start":{"line":34,"column":19},"end":{"line":34,"column":40}},"24":{"start":{"line":36,"column":2},"end":{"line":41,"column":null}}},"fnMap":{"0":{"name":"calculateAge","decl":{"start":{"line":5,"column":9},"end":{"line":5,"column":21}},"loc":{"start":{"line":5,"column":63},"end":{"line":13,"column":1}}},"1":{"name":"getAnnualRateByAge","decl":{"start":{"line":15,"column":9},"end":{"line":15,"column":27}},"loc":{"start":{"line":15,"column":39},"end":{"line":20,"column":1}}},"2":{"name":"calculateMonthlyPayment","decl":{"start":{"line":22,"column":9},"end":{"line":22,"column":32}},"loc":{"start":{"line":22,"column":87},"end":{"line":25,"column":1}}},"3":{"name":"loanCalculator","decl":{"start":{"line":27,"column":16},"end":{"line":27,"column":30}},"loc":{"start":{"line":27,"column":76},"end":{"line":42,"column":1}}}},"branchMap":{"0":{"loc":{"start":{"line":5,"column":39},"end":{"line":5,"column":63}},"type":"default-arg","locations":[{"start":{"line":5,"column":53},"end":{"line":5,"column":63}}]},"1":{"loc":{"start":{"line":9,"column":2},"end":{"line":11,"column":3}},"type":"if","locations":[{"start":{"line":9,"column":2},"end":{"line":11,"column":3}},{"start":{},"end":{}}]},"2":{"loc":{"start":{"line":9,"column":6},"end":{"line":9,"column":55}},"type":"binary-expr","locations":[{"start":{"line":9,"column":6},"end":{"line":9,"column":19}},{"start":{"line":9,"column":24},"end":{"line":9,"column":39}},{"start":{"line":9,"column":43},"end":{"line":9,"column":54}}]},"3":{"loc":{"start":{"line":16,"column":2},"end":{"line":16,"column":null}},"type":"if","locations":[{"start":{"line":16,"column":2},"end":{"line":16,"column":null}},{"start":{},"end":{}}]},"4":{"loc":{"start":{"line":17,"column":2},"end":{"line":17,"column":null}},"type":"if","locations":[{"start":{"line":17,"column":2},"end":{"line":17,"column":null}},{"start":{},"end":{}}]},"5":{"loc":{"start":{"line":18,"column":2},"end":{"line":18,"column":null}},"type":"if","locations":[{"start":{"line":18,"column":2},"end":{"line":18,"column":null}},{"start":{},"end":{}}]},"6":{"loc":{"start":{"line":23,"column":2},"end":{"line":23,"column":null}},"type":"if","locations":[{"start":{"line":23,"column":2},"end":{"line":23,"column":null}},{"start":{},"end":{}}]}},"s":{"0":1,"1":1,"2":5,"3":5,"4":5,"5":5,"6":0,"7":5,"8":5,"9":2,"10":3,"11":1,"12":2,"13":1,"14":1,"15":5,"16":0,"17":5,"18":5,"19":5,"20":5,"21":5,"22":5,"23":5,"24":5},"f":{"0":5,"1":5,"2":5,"3":5},"b":{"0":[5],"1":[0,5],"2":[5,5,5],"3":[2,3],"4":[1,2],"5":[1,1],"6":[0,5]}}
,"/home/gabriel_fratelli/challenge-frontend/credit-simulator/src/utils/formats/format.ts": {"path":"/home/gabriel_fratelli/challenge-frontend/credit-simulator/src/utils/formats/format.ts","statementMap":{"0":{"start":{"line":1,"column":33},"end":{"line":2,"column":86}},"1":{"start":{"line":2,"column":2},"end":{"line":2,"column":86}},"2":{"start":{"line":1,"column":13},"end":{"line":1,"column":33}},"3":{"start":{"line":4,"column":28},"end":{"line":5,"column":33}},"4":{"start":{"line":5,"column":2},"end":{"line":5,"column":33}},"5":{"start":{"line":4,"column":13},"end":{"line":4,"column":28}}},"fnMap":{"0":{"name":"(anonymous_0)","decl":{"start":{"line":1,"column":33},"end":{"line":1,"column":34}},"loc":{"start":{"line":2,"column":2},"end":{"line":2,"column":86}}},"1":{"name":"(anonymous_1)","decl":{"start":{"line":4,"column":28},"end":{"line":4,"column":29}},"loc":{"start":{"line":5,"column":2},"end":{"line":5,"column":33}}}},"branchMap":{"0":{"loc":{"start":{"line":4,"column":44},"end":{"line":4,"column":56}},"type":"default-arg","locations":[{"start":{"line":4,"column":55},"end":{"line":4,"column":56}}]}},"s":{"0":1,"1":0,"2":1,"3":1,"4":0,"5":1},"f":{"0":0,"1":0},"b":{"0":[0]}}
}
