TN:
SF:src/utils/calculator/loan-calculator.ts
FN:5,calculateAge
FN:15,getAnnualRateByAge
FN:22,calculateMonthlyPayment
FN:27,loanCalculator
FNF:4
FNH:4
FNDA:5,calculateAge
FNDA:5,getAnnualRateByAge
FNDA:5,calculateMonthlyPayment
FNDA:5,loanCalculator
DA:2,1
DA:6,5
DA:7,5
DA:8,5
DA:9,5
DA:10,0
DA:12,5
DA:16,5
DA:17,3
DA:18,2
DA:19,1
DA:23,5
DA:24,5
DA:27,1
DA:28,5
DA:29,5
DA:30,5
DA:32,5
DA:33,5
DA:34,5
DA:36,5
LF:21
LH:20
BRDA:5,0,0,5
BRDA:9,1,0,0
BRDA:9,1,1,5
BRDA:9,2,0,5
BRDA:9,2,1,5
BRDA:9,2,2,5
BRDA:16,3,0,2
BRDA:16,3,1,3
BRDA:17,4,0,1
BRDA:17,4,1,2
BRDA:18,5,0,1
BRDA:18,5,1,1
BRDA:23,6,0,0
BRDA:23,6,1,5
BRF:14
BRH:12
end_of_record
TN:
SF:src/utils/formats/format.ts
FN:1,(anonymous_0)
FN:4,(anonymous_1)
FNF:2
FNH:2
FNDA:4,(anonymous_0)
FNDA:5,(anonymous_1)
DA:1,2
DA:2,4
DA:4,2
DA:5,5
LF:4
LH:4
BRDA:4,0,0,2
BRF:1
BRH:1
end_of_record
