TN:
SF:src/utils/calculator/loan-calculator.ts
FN:7,calculateAge
FN:18,getAnnualRateByAge
FN:29,calculateMonthlyPayment
FN:39,loanCalculator
FNF:4
FNH:4
FNDA:5,calculateAge
FNDA:5,getAnnualRateByAge
FNDA:5,calculateMonthlyPayment
FNDA:5,loanCalculator
DA:2,1
DA:8,5
DA:9,5
DA:10,5
DA:12,5
DA:19,5
DA:20,3
DA:21,2
DA:22,1
DA:30,5
DA:39,1
DA:44,5
DA:45,5
DA:46,5
DA:48,5
DA:49,5
DA:50,5
DA:52,5
LF:18
LH:18
BRDA:7,0,0,5
BRDA:12,1,0,0
BRDA:12,1,1,5
BRDA:12,2,0,5
BRDA:12,2,1,5
BRDA:12,2,2,5
BRDA:19,3,0,2
BRDA:19,3,1,3
BRDA:20,4,0,1
BRDA:20,4,1,2
BRDA:21,5,0,1
BRDA:21,5,1,1
BRDA:30,6,0,0
BRDA:30,6,1,5
BRF:14
BRH:12
end_of_record
TN:
SF:src/utils/formats/format.ts
FN:1,(anonymous_0)
FN:4,(anonymous_1)
FNF:2
FNH:2
FNDA:4,(anonymous_0)
FNDA:5,(anonymous_1)
DA:1,2
DA:2,4
DA:4,2
DA:5,5
LF:4
LH:4
BRDA:4,0,0,2
BRF:1
BRH:1
end_of_record
